<?xml version="1.0" encoding="UTF-8" ?>
<testsuite errors="0" failures="0" hostname="hasobe.local" name="PointDateBeanTest" skipped="0" tests="4" time="0.428" timestamp="2024-09-13T15:26:10">
  <properties>
[...]
</properties>
  <testcase classname="PointDateBeanTest" name="testGetPointsTableNotNull" time="0.161" />
  <testcase classname="PointDateBeanTest" name="testSetNewPoint" time="0.0" />
  <testcase classname="PointDateBeanTest" name="testDoCode" time="0.029" />
  <testcase classname="PointDateBeanTest" name="testNewPointNotNull" time="0.001" />
  <system-out><![CDATA[try to connect
Successfully connected to: pg
x-> 10.0
this is the point -> 10.0
try to connect
Successfully connected to: pg
]]></system-out>
  <system-err><![CDATA[]]></system-err>
</testsuite>
